Analysis & Synthesis report for Part1
Sun May 06 18:21:41 2018
Quartus Prime Version 17.0.0 Build 595 04/25/2017 SJ Lite Edition


---------------------
; Table of Contents ;
---------------------
  1. Legal Notice
  2. Analysis & Synthesis Summary
  3. Analysis & Synthesis Settings
  4. Parallel Compilation
  5. Analysis & Synthesis Source Files Read
  6. Analysis & Synthesis Resource Usage Summary
  7. Analysis & Synthesis Resource Utilization by Entity
  8. General Register Statistics
  9. Multiplexer Restructuring Statistics (Restructuring Performed)
 10. Port Connectivity Checks: "Part6:toHello"
 11. Port Connectivity Checks: "countTo7Sec:comb_21"
 12. Post-Synthesis Netlist Statistics for Top Partition
 13. Elapsed Time Per Partition
 14. Analysis & Synthesis Messages
 15. Analysis & Synthesis Suppressed Messages



----------------
; Legal Notice ;
----------------
Copyright (C) 2017  Intel Corporation. All rights reserved.
Your use of Intel Corporation's design tools, logic functions 
and other software and tools, and its AMPP partner logic 
functions, and any output files from any of the foregoing 
(including device programming or simulation files), and any 
associated documentation or information are expressly subject 
to the terms and conditions of the Intel Program License 
Subscription Agreement, the Intel Quartus Prime License Agreement,
the Intel MegaCore Function License Agreement, or other 
applicable license agreement, including, without limitation, 
that your use is for the sole purpose of programming logic 
devices manufactured by Intel and sold by Intel or its 
authorized distributors.  Please refer to the applicable 
agreement for further details.



+----------------------------------------------------------------------------------+
; Analysis & Synthesis Summary                                                     ;
+------------------------------------+---------------------------------------------+
; Analysis & Synthesis Status        ; Successful - Sun May 06 18:21:41 2018       ;
; Quartus Prime Version              ; 17.0.0 Build 595 04/25/2017 SJ Lite Edition ;
; Revision Name                      ; Part1                                       ;
; Top-level Entity Name              ; Part5                                       ;
; Family                             ; Cyclone IV E                                ;
; Total logic elements               ; 149                                         ;
;     Total combinational functions  ; 149                                         ;
;     Dedicated logic registers      ; 48                                          ;
; Total registers                    ; 48                                          ;
; Total pins                         ; 93                                          ;
; Total virtual pins                 ; 0                                           ;
; Total memory bits                  ; 0                                           ;
; Embedded Multiplier 9-bit elements ; 0                                           ;
; Total PLLs                         ; 0                                           ;
+------------------------------------+---------------------------------------------+


+----------------------------------------------------------------------------------------------------------------------+
; Analysis & Synthesis Settings                                                                                        ;
+----------------------------------------------------------------------------+--------------------+--------------------+
; Option                                                                     ; Setting            ; Default Value      ;
+----------------------------------------------------------------------------+--------------------+--------------------+
; Device                                                                     ; EP4CE115F29C7      ;                    ;
; Top-level entity name                                                      ; Part5              ; Part1              ;
; Family name                                                                ; Cyclone IV E       ; Cyclone V          ;
; Use smart compilation                                                      ; Off                ; Off                ;
; Enable parallel Assembler and TimeQuest Timing Analyzer during compilation ; On                 ; On                 ;
; Enable compact report table                                                ; Off                ; Off                ;
; Restructure Multiplexers                                                   ; Auto               ; Auto               ;
; Create Debugging Nodes for IP Cores                                        ; Off                ; Off                ;
; Preserve fewer node names                                                  ; On                 ; On                 ;
; OpenCore Plus hardware evaluation                                          ; Enable             ; Enable             ;
; Verilog Version                                                            ; Verilog_2001       ; Verilog_2001       ;
; VHDL Version                                                               ; VHDL_1993          ; VHDL_1993          ;
; State Machine Processing                                                   ; Auto               ; Auto               ;
; Safe State Machine                                                         ; Off                ; Off                ;
; Extract Verilog State Machines                                             ; On                 ; On                 ;
; Extract VHDL State Machines                                                ; On                 ; On                 ;
; Ignore Verilog initial constructs                                          ; Off                ; Off                ;
; Iteration limit for constant Verilog loops                                 ; 5000               ; 5000               ;
; Iteration limit for non-constant Verilog loops                             ; 250                ; 250                ;
; Add Pass-Through Logic to Inferred RAMs                                    ; On                 ; On                 ;
; Infer RAMs from Raw Logic                                                  ; On                 ; On                 ;
; Parallel Synthesis                                                         ; On                 ; On                 ;
; DSP Block Balancing                                                        ; Auto               ; Auto               ;
; NOT Gate Push-Back                                                         ; On                 ; On                 ;
; Power-Up Don't Care                                                        ; On                 ; On                 ;
; Remove Redundant Logic Cells                                               ; Off                ; Off                ;
; Remove Duplicate Registers                                                 ; On                 ; On                 ;
; Ignore CARRY Buffers                                                       ; Off                ; Off                ;
; Ignore CASCADE Buffers                                                     ; Off                ; Off                ;
; Ignore GLOBAL Buffers                                                      ; Off                ; Off                ;
; Ignore ROW GLOBAL Buffers                                                  ; Off                ; Off                ;
; Ignore LCELL Buffers                                                       ; Off                ; Off                ;
; Ignore SOFT Buffers                                                        ; On                 ; On                 ;
; Limit AHDL Integers to 32 Bits                                             ; Off                ; Off                ;
; Optimization Technique                                                     ; Balanced           ; Balanced           ;
; Carry Chain Length                                                         ; 70                 ; 70                 ;
; Auto Carry Chains                                                          ; On                 ; On                 ;
; Auto Open-Drain Pins                                                       ; On                 ; On                 ;
; Perform WYSIWYG Primitive Resynthesis                                      ; Off                ; Off                ;
; Auto ROM Replacement                                                       ; On                 ; On                 ;
; Auto RAM Replacement                                                       ; On                 ; On                 ;
; Auto DSP Block Replacement                                                 ; On                 ; On                 ;
; Auto Shift Register Replacement                                            ; Auto               ; Auto               ;
; Allow Shift Register Merging across Hierarchies                            ; Auto               ; Auto               ;
; Auto Clock Enable Replacement                                              ; On                 ; On                 ;
; Strict RAM Replacement                                                     ; Off                ; Off                ;
; Allow Synchronous Control Signals                                          ; On                 ; On                 ;
; Force Use of Synchronous Clear Signals                                     ; Off                ; Off                ;
; Auto RAM Block Balancing                                                   ; On                 ; On                 ;
; Auto RAM to Logic Cell Conversion                                          ; Off                ; Off                ;
; Auto Resource Sharing                                                      ; Off                ; Off                ;
; Allow Any RAM Size For Recognition                                         ; Off                ; Off                ;
; Allow Any ROM Size For Recognition                                         ; Off                ; Off                ;
; Allow Any Shift Register Size For Recognition                              ; Off                ; Off                ;
; Use LogicLock Constraints during Resource Balancing                        ; On                 ; On                 ;
; Ignore translate_off and synthesis_off directives                          ; Off                ; Off                ;
; Timing-Driven Synthesis                                                    ; On                 ; On                 ;
; Report Parameter Settings                                                  ; On                 ; On                 ;
; Report Source Assignments                                                  ; On                 ; On                 ;
; Report Connectivity Checks                                                 ; On                 ; On                 ;
; Ignore Maximum Fan-Out Assignments                                         ; Off                ; Off                ;
; Synchronization Register Chain Length                                      ; 2                  ; 2                  ;
; PowerPlay Power Optimization During Synthesis                              ; Normal compilation ; Normal compilation ;
; HDL message level                                                          ; Level2             ; Level2             ;
; Suppress Register Optimization Related Messages                            ; Off                ; Off                ;
; Number of Removed Registers Reported in Synthesis Report                   ; 5000               ; 5000               ;
; Number of Swept Nodes Reported in Synthesis Report                         ; 5000               ; 5000               ;
; Number of Inverted Registers Reported in Synthesis Report                  ; 100                ; 100                ;
; Clock MUX Protection                                                       ; On                 ; On                 ;
; Auto Gated Clock Conversion                                                ; Off                ; Off                ;
; Block Design Naming                                                        ; Auto               ; Auto               ;
; SDC constraint protection                                                  ; Off                ; Off                ;
; Synthesis Effort                                                           ; Auto               ; Auto               ;
; Shift Register Replacement - Allow Asynchronous Clear Signal               ; On                 ; On                 ;
; Pre-Mapping Resynthesis Optimization                                       ; Off                ; Off                ;
; Analysis & Synthesis Message Level                                         ; Medium             ; Medium             ;
; Disable Register Merging Across Hierarchies                                ; Auto               ; Auto               ;
; Resource Aware Inference For Block RAM                                     ; On                 ; On                 ;
+----------------------------------------------------------------------------+--------------------+--------------------+


+------------------------------------------+
; Parallel Compilation                     ;
+----------------------------+-------------+
; Processors                 ; Number      ;
+----------------------------+-------------+
; Number detected on machine ; 4           ;
; Maximum allowed            ; 4           ;
;                            ;             ;
; Average used               ; 1.00        ;
; Maximum used               ; 4           ;
;                            ;             ;
; Usage by Processor         ; % Time Used ;
;     Processor 1            ; 100.0%      ;
;     Processors 2-4         ;   0.0%      ;
+----------------------------+-------------+


+---------------------------------------------------------------------------------------------------------------------------------------------------------------------------------------------------------+
; Analysis & Synthesis Source Files Read                                                                                                                                                                  ;
+----------------------------------+-----------------+------------------------------+-----------------------------------------------------------------------------------------------------------+---------+
; File Name with User-Entered Path ; Used in Netlist ; File Type                    ; File Name with Absolute Path                                                                              ; Library ;
+----------------------------------+-----------------+------------------------------+-----------------------------------------------------------------------------------------------------------+---------+
; Part6.sv                         ; yes             ; User SystemVerilog HDL File  ; C:/Users/eedqs/Google Drive/Documents for School/spring 12018/TCES 330/hw3/part5/Part6.sv                 ;         ;
; Mux_3w_8_to_1.sv                 ; yes             ; User SystemVerilog HDL File  ; C:/Users/eedqs/Google Drive/Documents for School/spring 12018/TCES 330/hw3/part5/Mux_3w_8_to_1.sv         ;         ;
; HexHELO.sv                       ; yes             ; User SystemVerilog HDL File  ; C:/Users/eedqs/Google Drive/Documents for School/spring 12018/TCES 330/hw3/part5/HexHELO.sv               ;         ;
; Counter.sv                       ; yes             ; User SystemVerilog HDL File  ; C:/Users/eedqs/Google Drive/Documents for School/spring 12018/TCES 330/hw3/part5/Counter.sv               ;         ;
; Part5.sv                         ; yes             ; User SystemVerilog HDL File  ; C:/Users/eedqs/Google Drive/Documents for School/spring 12018/TCES 330/hw3/part5/Part5.sv                 ;         ;
; output_files/countTo7.sv         ; yes             ; User SystemVerilog HDL File  ; C:/Users/eedqs/Google Drive/Documents for School/spring 12018/TCES 330/hw3/part5/output_files/countTo7.sv ;         ;
+----------------------------------+-----------------+------------------------------+-----------------------------------------------------------------------------------------------------------+---------+


+--------------------------------------------------------------+
; Analysis & Synthesis Resource Usage Summary                  ;
+---------------------------------------------+----------------+
; Resource                                    ; Usage          ;
+---------------------------------------------+----------------+
; Estimated Total logic elements              ; 149            ;
;                                             ;                ;
; Total combinational functions               ; 149            ;
; Logic element usage by number of LUT inputs ;                ;
;     -- 4 input functions                    ; 63             ;
;     -- 3 input functions                    ; 28             ;
;     -- <=2 input functions                  ; 58             ;
;                                             ;                ;
; Logic elements by mode                      ;                ;
;     -- normal mode                          ; 104            ;
;     -- arithmetic mode                      ; 45             ;
;                                             ;                ;
; Total registers                             ; 48             ;
;     -- Dedicated logic registers            ; 48             ;
;     -- I/O registers                        ; 0              ;
;                                             ;                ;
; I/O pins                                    ; 93             ;
;                                             ;                ;
; Embedded Multiplier 9-bit elements          ; 0              ;
;                                             ;                ;
; Maximum fan-out node                        ; CLOCK_50~input ;
; Maximum fan-out                             ; 48             ;
; Total fan-out                               ; 712            ;
; Average fan-out                             ; 1.86           ;
+---------------------------------------------+----------------+


+--------------------------------------------------------------------------------------------------------------------------------------------------------------------------------------------------------------------------------------+
; Analysis & Synthesis Resource Utilization by Entity                                                                                                                                                                                  ;
+----------------------------+---------------------+---------------------------+-------------+--------------+---------+-----------+------+--------------+-----------------------------------------------+---------------+--------------+
; Compilation Hierarchy Node ; Combinational ALUTs ; Dedicated Logic Registers ; Memory Bits ; DSP Elements ; DSP 9x9 ; DSP 18x18 ; Pins ; Virtual Pins ; Full Hierarchy Name                           ; Entity Name   ; Library Name ;
+----------------------------+---------------------+---------------------------+-------------+--------------+---------+-----------+------+--------------+-----------------------------------------------+---------------+--------------+
; |Part5                     ; 149 (0)             ; 48 (0)                    ; 0           ; 0            ; 0       ; 0         ; 93   ; 0            ; |Part5                                        ; Part5         ; work         ;
;    |Part6:toHello|         ; 32 (0)              ; 0 (0)                     ; 0           ; 0            ; 0       ; 0         ; 0    ; 0            ; |Part5|Part6:toHello                          ; Part6         ; work         ;
;       |HexHELO:h0|         ; 2 (2)               ; 0 (0)                     ; 0           ; 0            ; 0       ; 0         ; 0    ; 0            ; |Part5|Part6:toHello|HexHELO:h0               ; HexHELO       ; work         ;
;       |HexHELO:h1|         ; 3 (3)               ; 0 (0)                     ; 0           ; 0            ; 0       ; 0         ; 0    ; 0            ; |Part5|Part6:toHello|HexHELO:h1               ; HexHELO       ; work         ;
;       |HexHELO:h2|         ; 3 (3)               ; 0 (0)                     ; 0           ; 0            ; 0       ; 0         ; 0    ; 0            ; |Part5|Part6:toHello|HexHELO:h2               ; HexHELO       ; work         ;
;       |HexHELO:h3|         ; 4 (4)               ; 0 (0)                     ; 0           ; 0            ; 0       ; 0         ; 0    ; 0            ; |Part5|Part6:toHello|HexHELO:h3               ; HexHELO       ; work         ;
;       |HexHELO:h4|         ; 3 (3)               ; 0 (0)                     ; 0           ; 0            ; 0       ; 0         ; 0    ; 0            ; |Part5|Part6:toHello|HexHELO:h4               ; HexHELO       ; work         ;
;       |HexHELO:h5|         ; 4 (4)               ; 0 (0)                     ; 0           ; 0            ; 0       ; 0         ; 0    ; 0            ; |Part5|Part6:toHello|HexHELO:h5               ; HexHELO       ; work         ;
;       |HexHELO:h6|         ; 2 (2)               ; 0 (0)                     ; 0           ; 0            ; 0       ; 0         ; 0    ; 0            ; |Part5|Part6:toHello|HexHELO:h6               ; HexHELO       ; work         ;
;       |HexHELO:h7|         ; 2 (2)               ; 0 (0)                     ; 0           ; 0            ; 0       ; 0         ; 0    ; 0            ; |Part5|Part6:toHello|HexHELO:h7               ; HexHELO       ; work         ;
;       |Mux_3w_8_to_1:mh3|  ; 2 (2)               ; 0 (0)                     ; 0           ; 0            ; 0       ; 0         ; 0    ; 0            ; |Part5|Part6:toHello|Mux_3w_8_to_1:mh3        ; Mux_3w_8_to_1 ; work         ;
;       |Mux_3w_8_to_1:mh5|  ; 2 (2)               ; 0 (0)                     ; 0           ; 0            ; 0       ; 0         ; 0    ; 0            ; |Part5|Part6:toHello|Mux_3w_8_to_1:mh5        ; Mux_3w_8_to_1 ; work         ;
;       |Mux_3w_8_to_1:mh6|  ; 3 (3)               ; 0 (0)                     ; 0           ; 0            ; 0       ; 0         ; 0    ; 0            ; |Part5|Part6:toHello|Mux_3w_8_to_1:mh6        ; Mux_3w_8_to_1 ; work         ;
;       |Mux_3w_8_to_1:mh7|  ; 2 (2)               ; 0 (0)                     ; 0           ; 0            ; 0       ; 0         ; 0    ; 0            ; |Part5|Part6:toHello|Mux_3w_8_to_1:mh7        ; Mux_3w_8_to_1 ; work         ;
;    |countTo7Sec:comb_21|   ; 117 (16)            ; 48 (0)                    ; 0           ; 0            ; 0       ; 0         ; 0    ; 0            ; |Part5|countTo7Sec:comb_21                    ; countTo7Sec   ; work         ;
;       |counter:CountTo1k|  ; 35 (35)             ; 16 (16)                   ; 0           ; 0            ; 0       ; 0         ; 0    ; 0            ; |Part5|countTo7Sec:comb_21|counter:CountTo1k  ; counter       ; work         ;
;       |counter:CountTo50k| ; 34 (34)             ; 16 (16)                   ; 0           ; 0            ; 0       ; 0         ; 0    ; 0            ; |Part5|countTo7Sec:comb_21|counter:CountTo50k ; counter       ; work         ;
;       |counter:CountTo9|   ; 32 (32)             ; 16 (16)                   ; 0           ; 0            ; 0       ; 0         ; 0    ; 0            ; |Part5|countTo7Sec:comb_21|counter:CountTo9   ; counter       ; work         ;
+----------------------------+---------------------+---------------------------+-------------+--------------+---------+-----------+------+--------------+-----------------------------------------------+---------------+--------------+
Note: For table entries with two numbers listed, the numbers in parentheses indicate the number of resources of the given type used by the specific entity alone. The numbers listed outside of parentheses indicate the total resources of the given type used by the specific entity and all of its sub-entities in the hierarchy.


+------------------------------------------------------+
; General Register Statistics                          ;
+----------------------------------------------+-------+
; Statistic                                    ; Value ;
+----------------------------------------------+-------+
; Total registers                              ; 48    ;
; Number of registers using Synchronous Clear  ; 0     ;
; Number of registers using Synchronous Load   ; 0     ;
; Number of registers using Asynchronous Clear ; 0     ;
; Number of registers using Asynchronous Load  ; 0     ;
; Number of registers using Clock Enable       ; 0     ;
; Number of registers using Preset             ; 0     ;
+----------------------------------------------+-------+


+-------------------------------------------------------------------------------------------------------------------------------------------------------------------+
; Multiplexer Restructuring Statistics (Restructuring Performed)                                                                                                    ;
+--------------------+-----------+---------------+----------------------+------------------------+------------+-----------------------------------------------------+
; Multiplexer Inputs ; Bus Width ; Baseline Area ; Area if Restructured ; Saving if Restructured ; Registered ; Example Multiplexer Output                          ;
+--------------------+-----------+---------------+----------------------+------------------------+------------+-----------------------------------------------------+
; 3:1                ; 16 bits   ; 32 LEs        ; 16 LEs               ; 16 LEs                 ; Yes        ; |Part5|countTo7Sec:comb_21|counter:CountTo50k|Q[15] ;
; 3:1                ; 16 bits   ; 32 LEs        ; 16 LEs               ; 16 LEs                 ; Yes        ; |Part5|countTo7Sec:comb_21|counter:CountTo9|Q[6]    ;
; 3:1                ; 16 bits   ; 32 LEs        ; 16 LEs               ; 16 LEs                 ; Yes        ; |Part5|countTo7Sec:comb_21|counter:CountTo1k|Q[12]  ;
+--------------------+-----------+---------------+----------------------+------------------------+------------+-----------------------------------------------------+


+--------------------------------------------------------------------------------------------------------------------------------------------------------------------------------------------------------------+
; Port Connectivity Checks: "Part6:toHello"                                                                                                                                                                    ;
+------+-------+----------+------------------------------------------------------------------------------------------------------------------------------------------------------------------------------------+
; Port ; Type  ; Severity ; Details                                                                                                                                                                            ;
+------+-------+----------+------------------------------------------------------------------------------------------------------------------------------------------------------------------------------------+
; S    ; Input ; Warning  ; Input port expression (16 bits) is wider than the input port (3 bits) it drives.  The 13 most-significant bit(s) in the expression will be dangling if they have no other fanouts. ;
+------+-------+----------+------------------------------------------------------------------------------------------------------------------------------------------------------------------------------------+


+--------------------------------------------------------------------------------------------------------------------------+
; Port Connectivity Checks: "countTo7Sec:comb_21"                                                                          ;
+----------------+--------+----------+-------------------------------------------------------------------------------------+
; Port           ; Type   ; Severity ; Details                                                                             ;
+----------------+--------+----------+-------------------------------------------------------------------------------------+
; ThenTo7[15..3] ; Output ; Info     ; Connected to dangling logic. Logic that only feeds a dangling port will be removed. ;
+----------------+--------+----------+-------------------------------------------------------------------------------------+


+-----------------------------------------------------+
; Post-Synthesis Netlist Statistics for Top Partition ;
+-----------------------+-----------------------------+
; Type                  ; Count                       ;
+-----------------------+-----------------------------+
; boundary_port         ; 93                          ;
; cycloneiii_ff         ; 48                          ;
;     plain             ; 48                          ;
; cycloneiii_lcell_comb ; 164                         ;
;     arith             ; 45                          ;
;         2 data inputs ; 45                          ;
;     normal            ; 119                         ;
;         1 data inputs ; 18                          ;
;         2 data inputs ; 10                          ;
;         3 data inputs ; 28                          ;
;         4 data inputs ; 63                          ;
;                       ;                             ;
; Max LUT depth         ; 4.00                        ;
; Average LUT depth     ; 2.99                        ;
+-----------------------+-----------------------------+


+-------------------------------+
; Elapsed Time Per Partition    ;
+----------------+--------------+
; Partition Name ; Elapsed Time ;
+----------------+--------------+
; Top            ; 00:00:01     ;
+----------------+--------------+


+-------------------------------+
; Analysis & Synthesis Messages ;
+-------------------------------+
Info: *******************************************************************
Info: Running Quartus Prime Analysis & Synthesis
    Info: Version 17.0.0 Build 595 04/25/2017 SJ Lite Edition
    Info: Processing started: Sun May 06 18:21:25 2018
Info: Command: quartus_map --read_settings_files=on --write_settings_files=off Part5 -c Part1
Warning (18236): Number of processors has not been specified which may cause overloading on shared machines.  Set the global assignment NUM_PARALLEL_PROCESSORS in your QSF to an appropriate value for best performance.
Info (20030): Parallel compilation is enabled and will use 4 of the 4 processors detected
Info (12021): Found 1 design units, including 1 entities, in source file part6.sv
    Info (12023): Found entity 1: Part6 File: C:/Users/eedqs/Google Drive/Documents for School/spring 12018/TCES 330/hw3/part5/Part6.sv Line: 3
Info (12021): Found 2 design units, including 2 entities, in source file mux_3w_8_to_1.sv
    Info (12023): Found entity 1: Mux_3w_8_to_1 File: C:/Users/eedqs/Google Drive/Documents for School/spring 12018/TCES 330/hw3/part5/Mux_3w_8_to_1.sv Line: 3
    Info (12023): Found entity 2: Mux_3w_8_to_1testbench File: C:/Users/eedqs/Google Drive/Documents for School/spring 12018/TCES 330/hw3/part5/Mux_3w_8_to_1.sv Line: 46
Info (12021): Found 1 design units, including 1 entities, in source file hexhelo.sv
    Info (12023): Found entity 1: HexHELO File: C:/Users/eedqs/Google Drive/Documents for School/spring 12018/TCES 330/hw3/part5/HexHELO.sv Line: 3
Info (12021): Found 1 design units, including 1 entities, in source file hexhexd.sv
    Info (12023): Found entity 1: HexHEXd File: C:/Users/eedqs/Google Drive/Documents for School/spring 12018/TCES 330/hw3/part5/HexHEXd.sv Line: 4
Info (12021): Found 2 design units, including 2 entities, in source file tff.sv
    Info (12023): Found entity 1: TeeFF File: C:/Users/eedqs/Google Drive/Documents for School/spring 12018/TCES 330/hw3/part5/Tff.sv Line: 1
    Info (12023): Found entity 2: testTff File: C:/Users/eedqs/Google Drive/Documents for School/spring 12018/TCES 330/hw3/part5/Tff.sv Line: 20
Info (12021): Found 2 design units, including 2 entities, in source file counter.sv
    Info (12023): Found entity 1: counter File: C:/Users/eedqs/Google Drive/Documents for School/spring 12018/TCES 330/hw3/part5/Counter.sv Line: 1
    Info (12023): Found entity 2: testCount File: C:/Users/eedqs/Google Drive/Documents for School/spring 12018/TCES 330/hw3/part5/Counter.sv Line: 25
Info (12021): Found 1 design units, including 1 entities, in source file part5.sv
    Info (12023): Found entity 1: Part5 File: C:/Users/eedqs/Google Drive/Documents for School/spring 12018/TCES 330/hw3/part5/Part5.sv Line: 4
Info (12021): Found 1 design units, including 1 entities, in source file output_files/countto7.sv
    Info (12023): Found entity 1: countTo7Sec File: C:/Users/eedqs/Google Drive/Documents for School/spring 12018/TCES 330/hw3/part5/output_files/countTo7.sv Line: 1
Critical Warning (10846): Verilog HDL Instantiation warning at Part5.sv(11): instance has no name File: C:/Users/eedqs/Google Drive/Documents for School/spring 12018/TCES 330/hw3/part5/Part5.sv Line: 11
Info (12127): Elaborating entity "Part5" for the top level hierarchy
Info (12128): Elaborating entity "countTo7Sec" for hierarchy "countTo7Sec:comb_21" File: C:/Users/eedqs/Google Drive/Documents for School/spring 12018/TCES 330/hw3/part5/Part5.sv Line: 11
Info (12128): Elaborating entity "counter" for hierarchy "countTo7Sec:comb_21|counter:CountTo50k" File: C:/Users/eedqs/Google Drive/Documents for School/spring 12018/TCES 330/hw3/part5/output_files/countTo7.sv Line: 35
Warning (10230): Verilog HDL assignment warning at Counter.sv(11): truncated value with size 32 to match size of target (16) File: C:/Users/eedqs/Google Drive/Documents for School/spring 12018/TCES 330/hw3/part5/Counter.sv Line: 11
Info (12128): Elaborating entity "Part6" for hierarchy "Part6:toHello" File: C:/Users/eedqs/Google Drive/Documents for School/spring 12018/TCES 330/hw3/part5/Part5.sv Line: 17
Info (12128): Elaborating entity "Mux_3w_8_to_1" for hierarchy "Part6:toHello|Mux_3w_8_to_1:mh0" File: C:/Users/eedqs/Google Drive/Documents for School/spring 12018/TCES 330/hw3/part5/Part6.sv Line: 28
Info (12128): Elaborating entity "HexHELO" for hierarchy "Part6:toHello|HexHELO:h0" File: C:/Users/eedqs/Google Drive/Documents for School/spring 12018/TCES 330/hw3/part5/Part6.sv Line: 37
Warning (12241): 1 hierarchies have connectivity warnings - see the Connectivity Checks report folder
Info (286030): Timing-Driven Synthesis is running
Info (144001): Generated suppressed messages file C:/Users/eedqs/Google Drive/Documents for School/spring 12018/TCES 330/hw3/part5/output_files/Part1.map.smsg
Info (16010): Generating hard_block partition "hard_block:auto_generated_inst"
    Info (16011): Adding 0 node(s), including 0 DDIO, 0 PLL, 0 transceiver and 0 LCELL
Info (21057): Implemented 242 device resources after synthesis - the final resource count might be different
    Info (21058): Implemented 19 input pins
    Info (21059): Implemented 74 output pins
    Info (21061): Implemented 149 logic cells
Info: Quartus Prime Analysis & Synthesis was successful. 0 errors, 4 warnings
    Info: Peak virtual memory: 696 megabytes
    Info: Processing ended: Sun May 06 18:21:41 2018
    Info: Elapsed time: 00:00:16
    Info: Total CPU time (on all processors): 00:00:29


+------------------------------------------+
; Analysis & Synthesis Suppressed Messages ;
+------------------------------------------+
The suppressed messages can be found in C:/Users/eedqs/Google Drive/Documents for School/spring 12018/TCES 330/hw3/part5/output_files/Part1.map.smsg.


