Analysis & Synthesis report for UARTCombined
Fri May 25 15:02:07 2018
Quartus Prime Version 17.0.0 Build 595 04/25/2017 SJ Lite Edition


---------------------
; Table of Contents ;
---------------------
  1. Legal Notice
  2. Analysis & Synthesis Summary
  3. Analysis & Synthesis Settings
  4. Parallel Compilation
  5. Analysis & Synthesis Source Files Read
  6. Analysis & Synthesis Resource Usage Summary
  7. Analysis & Synthesis Resource Utilization by Entity
  8. State Machine - |UARTCombined|UART:Tout|state
  9. General Register Statistics
 10. Multiplexer Restructuring Statistics (Restructuring Performed)
 11. Port Connectivity Checks: "baudlimit:limiter"
 12. Post-Synthesis Netlist Statistics for Top Partition
 13. Elapsed Time Per Partition
 14. Analysis & Synthesis Messages
 15. Analysis & Synthesis Suppressed Messages



----------------
; Legal Notice ;
----------------
Copyright (C) 2017  Intel Corporation. All rights reserved.
Your use of Intel Corporation's design tools, logic functions 
and other software and tools, and its AMPP partner logic 
functions, and any output files from any of the foregoing 
(including device programming or simulation files), and any 
associated documentation or information are expressly subject 
to the terms and conditions of the Intel Program License 
Subscription Agreement, the Intel Quartus Prime License Agreement,
the Intel MegaCore Function License Agreement, or other 
applicable license agreement, including, without limitation, 
that your use is for the sole purpose of programming logic 
devices manufactured by Intel and sold by Intel or its 
authorized distributors.  Please refer to the applicable 
agreement for further details.



+----------------------------------------------------------------------------------+
; Analysis & Synthesis Summary                                                     ;
+------------------------------------+---------------------------------------------+
; Analysis & Synthesis Status        ; Successful - Fri May 25 15:02:07 2018       ;
; Quartus Prime Version              ; 17.0.0 Build 595 04/25/2017 SJ Lite Edition ;
; Revision Name                      ; UARTCombined                                ;
; Top-level Entity Name              ; UARTCombined                                ;
; Family                             ; Cyclone IV E                                ;
; Total logic elements               ; 148                                         ;
;     Total combinational functions  ; 148                                         ;
;     Dedicated logic registers      ; 72                                          ;
; Total registers                    ; 72                                          ;
; Total pins                         ; 4                                           ;
; Total virtual pins                 ; 0                                           ;
; Total memory bits                  ; 0                                           ;
; Embedded Multiplier 9-bit elements ; 0                                           ;
; Total PLLs                         ; 0                                           ;
+------------------------------------+---------------------------------------------+


+----------------------------------------------------------------------------------------------------------------------+
; Analysis & Synthesis Settings                                                                                        ;
+----------------------------------------------------------------------------+--------------------+--------------------+
; Option                                                                     ; Setting            ; Default Value      ;
+----------------------------------------------------------------------------+--------------------+--------------------+
; Device                                                                     ; EP4CE115F29C7      ;                    ;
; Top-level entity name                                                      ; UARTCombined       ; UARTCombined       ;
; Family name                                                                ; Cyclone IV E       ; Cyclone V          ;
; Use smart compilation                                                      ; Off                ; Off                ;
; Enable parallel Assembler and TimeQuest Timing Analyzer during compilation ; On                 ; On                 ;
; Enable compact report table                                                ; Off                ; Off                ;
; Restructure Multiplexers                                                   ; Auto               ; Auto               ;
; Create Debugging Nodes for IP Cores                                        ; Off                ; Off                ;
; Preserve fewer node names                                                  ; On                 ; On                 ;
; OpenCore Plus hardware evaluation                                          ; Enable             ; Enable             ;
; Verilog Version                                                            ; Verilog_2001       ; Verilog_2001       ;
; VHDL Version                                                               ; VHDL_1993          ; VHDL_1993          ;
; State Machine Processing                                                   ; Auto               ; Auto               ;
; Safe State Machine                                                         ; Off                ; Off                ;
; Extract Verilog State Machines                                             ; On                 ; On                 ;
; Extract VHDL State Machines                                                ; On                 ; On                 ;
; Ignore Verilog initial constructs                                          ; Off                ; Off                ;
; Iteration limit for constant Verilog loops                                 ; 5000               ; 5000               ;
; Iteration limit for non-constant Verilog loops                             ; 250                ; 250                ;
; Add Pass-Through Logic to Inferred RAMs                                    ; On                 ; On                 ;
; Infer RAMs from Raw Logic                                                  ; On                 ; On                 ;
; Parallel Synthesis                                                         ; On                 ; On                 ;
; DSP Block Balancing                                                        ; Auto               ; Auto               ;
; NOT Gate Push-Back                                                         ; On                 ; On                 ;
; Power-Up Don't Care                                                        ; On                 ; On                 ;
; Remove Redundant Logic Cells                                               ; Off                ; Off                ;
; Remove Duplicate Registers                                                 ; On                 ; On                 ;
; Ignore CARRY Buffers                                                       ; Off                ; Off                ;
; Ignore CASCADE Buffers                                                     ; Off                ; Off                ;
; Ignore GLOBAL Buffers                                                      ; Off                ; Off                ;
; Ignore ROW GLOBAL Buffers                                                  ; Off                ; Off                ;
; Ignore LCELL Buffers                                                       ; Off                ; Off                ;
; Ignore SOFT Buffers                                                        ; On                 ; On                 ;
; Limit AHDL Integers to 32 Bits                                             ; Off                ; Off                ;
; Optimization Technique                                                     ; Balanced           ; Balanced           ;
; Carry Chain Length                                                         ; 70                 ; 70                 ;
; Auto Carry Chains                                                          ; On                 ; On                 ;
; Auto Open-Drain Pins                                                       ; On                 ; On                 ;
; Perform WYSIWYG Primitive Resynthesis                                      ; Off                ; Off                ;
; Auto ROM Replacement                                                       ; On                 ; On                 ;
; Auto RAM Replacement                                                       ; On                 ; On                 ;
; Auto DSP Block Replacement                                                 ; On                 ; On                 ;
; Auto Shift Register Replacement                                            ; Auto               ; Auto               ;
; Allow Shift Register Merging across Hierarchies                            ; Auto               ; Auto               ;
; Auto Clock Enable Replacement                                              ; On                 ; On                 ;
; Strict RAM Replacement                                                     ; Off                ; Off                ;
; Allow Synchronous Control Signals                                          ; On                 ; On                 ;
; Force Use of Synchronous Clear Signals                                     ; Off                ; Off                ;
; Auto RAM Block Balancing                                                   ; On                 ; On                 ;
; Auto RAM to Logic Cell Conversion                                          ; Off                ; Off                ;
; Auto Resource Sharing                                                      ; Off                ; Off                ;
; Allow Any RAM Size For Recognition                                         ; Off                ; Off                ;
; Allow Any ROM Size For Recognition                                         ; Off                ; Off                ;
; Allow Any Shift Register Size For Recognition                              ; Off                ; Off                ;
; Use LogicLock Constraints during Resource Balancing                        ; On                 ; On                 ;
; Ignore translate_off and synthesis_off directives                          ; Off                ; Off                ;
; Timing-Driven Synthesis                                                    ; On                 ; On                 ;
; Report Parameter Settings                                                  ; On                 ; On                 ;
; Report Source Assignments                                                  ; On                 ; On                 ;
; Report Connectivity Checks                                                 ; On                 ; On                 ;
; Ignore Maximum Fan-Out Assignments                                         ; Off                ; Off                ;
; Synchronization Register Chain Length                                      ; 2                  ; 2                  ;
; PowerPlay Power Optimization During Synthesis                              ; Normal compilation ; Normal compilation ;
; HDL message level                                                          ; Level2             ; Level2             ;
; Suppress Register Optimization Related Messages                            ; Off                ; Off                ;
; Number of Removed Registers Reported in Synthesis Report                   ; 5000               ; 5000               ;
; Number of Swept Nodes Reported in Synthesis Report                         ; 5000               ; 5000               ;
; Number of Inverted Registers Reported in Synthesis Report                  ; 100                ; 100                ;
; Clock MUX Protection                                                       ; On                 ; On                 ;
; Auto Gated Clock Conversion                                                ; Off                ; Off                ;
; Block Design Naming                                                        ; Auto               ; Auto               ;
; SDC constraint protection                                                  ; Off                ; Off                ;
; Synthesis Effort                                                           ; Auto               ; Auto               ;
; Shift Register Replacement - Allow Asynchronous Clear Signal               ; On                 ; On                 ;
; Pre-Mapping Resynthesis Optimization                                       ; Off                ; Off                ;
; Analysis & Synthesis Message Level                                         ; Medium             ; Medium             ;
; Disable Register Merging Across Hierarchies                                ; Auto               ; Auto               ;
; Resource Aware Inference For Block RAM                                     ; On                 ; On                 ;
+----------------------------------------------------------------------------+--------------------+--------------------+


+------------------------------------------+
; Parallel Compilation                     ;
+----------------------------+-------------+
; Processors                 ; Number      ;
+----------------------------+-------------+
; Number detected on machine ; 4           ;
; Maximum allowed            ; 2           ;
;                            ;             ;
; Average used               ; 1.00        ;
; Maximum used               ; 2           ;
;                            ;             ;
; Usage by Processor         ; % Time Used ;
;     Processor 1            ; 100.0%      ;
;     Processor 2            ;   0.0%      ;
+----------------------------+-------------+


+--------------------------------------------------------------------------------------------------------------------------------------------------------------------------------------------------------------+
; Analysis & Synthesis Source Files Read                                                                                                                                                                       ;
+----------------------------------+-----------------+------------------------------+----------------------------------------------------------------------------------------------------------------+---------+
; File Name with User-Entered Path ; Used in Netlist ; File Type                    ; File Name with Absolute Path                                                                                   ; Library ;
+----------------------------------+-----------------+------------------------------+----------------------------------------------------------------------------------------------------------------+---------+
; UART/baudlimit.sv                ; yes             ; User SystemVerilog HDL File  ; C:/Users/Spencer/Google Drive/Documents for School/spring 12018/TCES 330/UART_LAB_A/UART/baudlimit.sv          ;         ;
; TXDriver/TXDriver.sv             ; yes             ; User SystemVerilog HDL File  ; C:/Users/Spencer/Google Drive/Documents for School/spring 12018/TCES 330/UART_LAB_A/TXDriver/TXDriver.sv       ;         ;
; TXDriver/enableEverySec.sv       ; yes             ; User SystemVerilog HDL File  ; C:/Users/Spencer/Google Drive/Documents for School/spring 12018/TCES 330/UART_LAB_A/TXDriver/enableEverySec.sv ;         ;
; TXDriver/Counter.sv              ; yes             ; User SystemVerilog HDL File  ; C:/Users/Spencer/Google Drive/Documents for School/spring 12018/TCES 330/UART_LAB_A/TXDriver/Counter.sv        ;         ;
; UART/UART.sv                     ; yes             ; User SystemVerilog HDL File  ; C:/Users/Spencer/Google Drive/Documents for School/spring 12018/TCES 330/UART_LAB_A/UART/UART.sv               ;         ;
; UARTCombined.sv                  ; yes             ; User SystemVerilog HDL File  ; C:/Users/Spencer/Google Drive/Documents for School/spring 12018/TCES 330/UART_LAB_A/UARTCombined.sv            ;         ;
+----------------------------------+-----------------+------------------------------+----------------------------------------------------------------------------------------------------------------+---------+


+--------------------------------------------------------------+
; Analysis & Synthesis Resource Usage Summary                  ;
+---------------------------------------------+----------------+
; Resource                                    ; Usage          ;
+---------------------------------------------+----------------+
; Estimated Total logic elements              ; 148            ;
;                                             ;                ;
; Total combinational functions               ; 148            ;
; Logic element usage by number of LUT inputs ;                ;
;     -- 4 input functions                    ; 74             ;
;     -- 3 input functions                    ; 19             ;
;     -- <=2 input functions                  ; 55             ;
;                                             ;                ;
; Logic elements by mode                      ;                ;
;     -- normal mode                          ; 99             ;
;     -- arithmetic mode                      ; 49             ;
;                                             ;                ;
; Total registers                             ; 72             ;
;     -- Dedicated logic registers            ; 72             ;
;     -- I/O registers                        ; 0              ;
;                                             ;                ;
; I/O pins                                    ; 4              ;
;                                             ;                ;
; Embedded Multiplier 9-bit elements          ; 0              ;
;                                             ;                ;
; Maximum fan-out node                        ; CLOCK_50~input ;
; Maximum fan-out                             ; 72             ;
; Total fan-out                               ; 648            ;
; Average fan-out                             ; 2.84           ;
+---------------------------------------------+----------------+


+-----------------------------------------------------------------------------------------------------------------------------------------------------------------------------------------------------------------------------------------------------------------+
; Analysis & Synthesis Resource Utilization by Entity                                                                                                                                                                                                             ;
+-------------------------------+---------------------+---------------------------+-------------+--------------+---------+-----------+------+--------------+----------------------------------------------------------------------+----------------+--------------+
; Compilation Hierarchy Node    ; Combinational ALUTs ; Dedicated Logic Registers ; Memory Bits ; DSP Elements ; DSP 9x9 ; DSP 18x18 ; Pins ; Virtual Pins ; Full Hierarchy Name                                                  ; Entity Name    ; Library Name ;
+-------------------------------+---------------------+---------------------------+-------------+--------------+---------+-----------+------+--------------+----------------------------------------------------------------------+----------------+--------------+
; |UARTCombined                 ; 148 (0)             ; 72 (0)                    ; 0           ; 0            ; 0       ; 0         ; 4    ; 0            ; |UARTCombined                                                        ; UARTCombined   ; work         ;
;    |TXDriver:driver|          ; 97 (19)             ; 39 (7)                    ; 0           ; 0            ; 0       ; 0         ; 0    ; 0            ; |UARTCombined|TXDriver:driver                                        ; TXDriver       ; work         ;
;       |enableEverySec:enab|   ; 78 (10)             ; 32 (0)                    ; 0           ; 0            ; 0       ; 0         ; 0    ; 0            ; |UARTCombined|TXDriver:driver|enableEverySec:enab                    ; enableEverySec ; work         ;
;          |counter:CountTo1k|  ; 34 (34)             ; 16 (16)                   ; 0           ; 0            ; 0       ; 0         ; 0    ; 0            ; |UARTCombined|TXDriver:driver|enableEverySec:enab|counter:CountTo1k  ; counter        ; work         ;
;          |counter:CountTo50k| ; 34 (34)             ; 16 (16)                   ; 0           ; 0            ; 0       ; 0         ; 0    ; 0            ; |UARTCombined|TXDriver:driver|enableEverySec:enab|counter:CountTo50k ; counter        ; work         ;
;    |UART:Tout|                ; 30 (30)             ; 17 (17)                   ; 0           ; 0            ; 0       ; 0         ; 0    ; 0            ; |UARTCombined|UART:Tout                                              ; UART           ; work         ;
;    |baudlimit:limiter|        ; 21 (5)              ; 16 (0)                    ; 0           ; 0            ; 0       ; 0         ; 0    ; 0            ; |UARTCombined|baudlimit:limiter                                      ; baudlimit      ; work         ;
;       |counter:CountTo1k|     ; 16 (16)             ; 16 (16)                   ; 0           ; 0            ; 0       ; 0         ; 0    ; 0            ; |UARTCombined|baudlimit:limiter|counter:CountTo1k                    ; counter        ; work         ;
+-------------------------------+---------------------+---------------------------+-------------+--------------+---------+-----------+------+--------------+----------------------------------------------------------------------+----------------+--------------+
Note: For table entries with two numbers listed, the numbers in parentheses indicate the number of resources of the given type used by the specific entity alone. The numbers listed outside of parentheses indicate the total resources of the given type used by the specific entity and all of its sub-entities in the hierarchy.


Encoding Type:  One-Hot
+---------------------------------------------------------------+
; State Machine - |UARTCombined|UART:Tout|state                 ;
+----------------+----------------+-------------+---------------+
; Name           ; state.sendData ; state.start ; state.sendBit ;
+----------------+----------------+-------------+---------------+
; state.start    ; 0              ; 0           ; 0             ;
; state.sendBit  ; 0              ; 1           ; 1             ;
; state.sendData ; 1              ; 1           ; 0             ;
+----------------+----------------+-------------+---------------+


+------------------------------------------------------+
; General Register Statistics                          ;
+----------------------------------------------+-------+
; Statistic                                    ; Value ;
+----------------------------------------------+-------+
; Total registers                              ; 72    ;
; Number of registers using Synchronous Clear  ; 21    ;
; Number of registers using Synchronous Load   ; 0     ;
; Number of registers using Asynchronous Clear ; 0     ;
; Number of registers using Asynchronous Load  ; 0     ;
; Number of registers using Clock Enable       ; 18    ;
; Number of registers using Preset             ; 0     ;
+----------------------------------------------+-------+


+-----------------------------------------------------------------------------------------------------------------------------------------------------------------------------------------+
; Multiplexer Restructuring Statistics (Restructuring Performed)                                                                                                                          ;
+--------------------+-----------+---------------+----------------------+------------------------+------------+---------------------------------------------------------------------------+
; Multiplexer Inputs ; Bus Width ; Baseline Area ; Area if Restructured ; Saving if Restructured ; Registered ; Example Multiplexer Output                                                ;
+--------------------+-----------+---------------+----------------------+------------------------+------------+---------------------------------------------------------------------------+
; 3:1                ; 7 bits    ; 14 LEs        ; 7 LEs                ; 7 LEs                  ; Yes        ; |UARTCombined|UART:Tout|localTxData[6]                                    ;
; 3:1                ; 16 bits   ; 32 LEs        ; 16 LEs               ; 16 LEs                 ; Yes        ; |UARTCombined|TXDriver:driver|enableEverySec:enab|counter:CountTo50k|Q[2] ;
; 3:1                ; 5 bits    ; 10 LEs        ; 5 LEs                ; 5 LEs                  ; Yes        ; |UARTCombined|TXDriver:driver|dataPointer[4]                              ;
; 3:1                ; 16 bits   ; 32 LEs        ; 16 LEs               ; 16 LEs                 ; Yes        ; |UARTCombined|TXDriver:driver|enableEverySec:enab|counter:CountTo1k|Q[12] ;
; 5:1                ; 4 bits    ; 12 LEs        ; 4 LEs                ; 8 LEs                  ; Yes        ; |UARTCombined|UART:Tout|bitPointer[1]                                     ;
; 7:1                ; 2 bits    ; 8 LEs         ; 8 LEs                ; 0 LEs                  ; No         ; |UARTCombined|UART:Tout|state                                             ;
+--------------------+-----------+---------------+----------------------+------------------------+------------+---------------------------------------------------------------------------+


+--------------------------------------------------------------------------------------------------------------------------------------------------------------------------------------------------------------------+
; Port Connectivity Checks: "baudlimit:limiter"                                                                                                                                                                      ;
+------------+-------+----------+------------------------------------------------------------------------------------------------------------------------------------------------------------------------------------+
; Port       ; Type  ; Severity ; Details                                                                                                                                                                            ;
+------------+-------+----------+------------------------------------------------------------------------------------------------------------------------------------------------------------------------------------+
; enable     ; Input ; Warning  ; Input port expression (32 bits) is wider than the input port (1 bits) it drives.  The 31 most-significant bit(s) in the expression will be dangling if they have no other fanouts. ;
; enable[-1] ; Input ; Info     ; Stuck at VCC                                                                                                                                                                       ;
+------------+-------+----------+------------------------------------------------------------------------------------------------------------------------------------------------------------------------------------+


+-----------------------------------------------------+
; Post-Synthesis Netlist Statistics for Top Partition ;
+-----------------------+-----------------------------+
; Type                  ; Count                       ;
+-----------------------+-----------------------------+
; boundary_port         ; 4                           ;
; cycloneiii_ff         ; 72                          ;
;     ENA               ; 13                          ;
;     ENA SCLR          ; 5                           ;
;     SCLR              ; 16                          ;
;     plain             ; 38                          ;
; cycloneiii_lcell_comb ; 148                         ;
;     arith             ; 49                          ;
;         2 data inputs ; 48                          ;
;         3 data inputs ; 1                           ;
;     normal            ; 99                          ;
;         1 data inputs ; 4                           ;
;         2 data inputs ; 3                           ;
;         3 data inputs ; 18                          ;
;         4 data inputs ; 74                          ;
;                       ;                             ;
; Max LUT depth         ; 4.00                        ;
; Average LUT depth     ; 3.18                        ;
+-----------------------+-----------------------------+


+-------------------------------+
; Elapsed Time Per Partition    ;
+----------------+--------------+
; Partition Name ; Elapsed Time ;
+----------------+--------------+
; Top            ; 00:00:01     ;
+----------------+--------------+


+-------------------------------+
; Analysis & Synthesis Messages ;
+-------------------------------+
Info: *******************************************************************
Info: Running Quartus Prime Analysis & Synthesis
    Info: Version 17.0.0 Build 595 04/25/2017 SJ Lite Edition
    Info: Processing started: Fri May 25 15:01:49 2018
Info: Command: quartus_map --read_settings_files=on --write_settings_files=off UARTCombined -c UARTCombined
Warning (18236): Number of processors has not been specified which may cause overloading on shared machines.  Set the global assignment NUM_PARALLEL_PROCESSORS in your QSF to an appropriate value for best performance.
Info (20030): Parallel compilation is enabled and will use 2 of the 2 processors detected
Info (12021): Found 1 design units, including 1 entities, in source file uart/baudlimit.sv
    Info (12023): Found entity 1: baudlimit File: C:/Users/Spencer/Google Drive/Documents for School/spring 12018/TCES 330/UART_LAB_A/UART/baudlimit.sv Line: 14
Info (12021): Found 2 design units, including 2 entities, in source file txdriver/txdriver.sv
    Info (12023): Found entity 1: TXDriver File: C:/Users/Spencer/Google Drive/Documents for School/spring 12018/TCES 330/UART_LAB_A/TXDriver/TXDriver.sv Line: 12
    Info (12023): Found entity 2: testbench File: C:/Users/Spencer/Google Drive/Documents for School/spring 12018/TCES 330/UART_LAB_A/TXDriver/TXDriver.sv Line: 118
Info (12021): Found 2 design units, including 2 entities, in source file txdriver/enableeverysec.sv
    Info (12023): Found entity 1: enableEverySec File: C:/Users/Spencer/Google Drive/Documents for School/spring 12018/TCES 330/UART_LAB_A/TXDriver/enableEverySec.sv Line: 1
    Info (12023): Found entity 2: to7Test File: C:/Users/Spencer/Google Drive/Documents for School/spring 12018/TCES 330/UART_LAB_A/TXDriver/enableEverySec.sv Line: 34
Info (12021): Found 2 design units, including 2 entities, in source file txdriver/counter.sv
    Info (12023): Found entity 1: counter File: C:/Users/Spencer/Google Drive/Documents for School/spring 12018/TCES 330/UART_LAB_A/TXDriver/Counter.sv Line: 1
    Info (12023): Found entity 2: testCount File: C:/Users/Spencer/Google Drive/Documents for School/spring 12018/TCES 330/UART_LAB_A/TXDriver/Counter.sv Line: 25
Info (12021): Found 2 design units, including 2 entities, in source file uart/uart.sv
    Info (12023): Found entity 1: UART File: C:/Users/Spencer/Google Drive/Documents for School/spring 12018/TCES 330/UART_LAB_A/UART/UART.sv Line: 12
    Info (12023): Found entity 2: testbenchUART File: C:/Users/Spencer/Google Drive/Documents for School/spring 12018/TCES 330/UART_LAB_A/UART/UART.sv Line: 129
Info (12021): Found 1 design units, including 1 entities, in source file uartcombined.sv
    Info (12023): Found entity 1: UARTCombined File: C:/Users/Spencer/Google Drive/Documents for School/spring 12018/TCES 330/UART_LAB_A/UARTCombined.sv Line: 1
Info (12127): Elaborating entity "UARTCombined" for the top level hierarchy
Info (12128): Elaborating entity "baudlimit" for hierarchy "baudlimit:limiter" File: C:/Users/Spencer/Google Drive/Documents for School/spring 12018/TCES 330/UART_LAB_A/UARTCombined.sv Line: 9
Info (12128): Elaborating entity "counter" for hierarchy "baudlimit:limiter|counter:CountTo1k" File: C:/Users/Spencer/Google Drive/Documents for School/spring 12018/TCES 330/UART_LAB_A/UART/baudlimit.sv Line: 29
Warning (10230): Verilog HDL assignment warning at Counter.sv(11): truncated value with size 32 to match size of target (16) File: C:/Users/Spencer/Google Drive/Documents for School/spring 12018/TCES 330/UART_LAB_A/TXDriver/Counter.sv Line: 11
Info (12128): Elaborating entity "TXDriver" for hierarchy "TXDriver:driver" File: C:/Users/Spencer/Google Drive/Documents for School/spring 12018/TCES 330/UART_LAB_A/UARTCombined.sv Line: 10
Warning (10230): Verilog HDL assignment warning at TXDriver.sv(92): truncated value with size 32 to match size of target (5) File: C:/Users/Spencer/Google Drive/Documents for School/spring 12018/TCES 330/UART_LAB_A/TXDriver/TXDriver.sv Line: 92
Info (12128): Elaborating entity "enableEverySec" for hierarchy "TXDriver:driver|enableEverySec:enab" File: C:/Users/Spencer/Google Drive/Documents for School/spring 12018/TCES 330/UART_LAB_A/TXDriver/TXDriver.sv Line: 52
Info (12128): Elaborating entity "UART" for hierarchy "UART:Tout" File: C:/Users/Spencer/Google Drive/Documents for School/spring 12018/TCES 330/UART_LAB_A/UARTCombined.sv Line: 11
Warning (10230): Verilog HDL assignment warning at UART.sv(100): truncated value with size 32 to match size of target (4) File: C:/Users/Spencer/Google Drive/Documents for School/spring 12018/TCES 330/UART_LAB_A/UART/UART.sv Line: 100
Warning (12241): 1 hierarchies have connectivity warnings - see the Connectivity Checks report folder
Info (286030): Timing-Driven Synthesis is running
Info (144001): Generated suppressed messages file C:/Users/Spencer/Google Drive/Documents for School/spring 12018/TCES 330/UART_LAB_A/output_files/UARTCombined.map.smsg
Info (16010): Generating hard_block partition "hard_block:auto_generated_inst"
    Info (16011): Adding 0 node(s), including 0 DDIO, 0 PLL, 0 transceiver and 0 LCELL
Info (21057): Implemented 152 device resources after synthesis - the final resource count might be different
    Info (21058): Implemented 2 input pins
    Info (21059): Implemented 2 output pins
    Info (21061): Implemented 148 logic cells
Info: Quartus Prime Analysis & Synthesis was successful. 0 errors, 5 warnings
    Info: Peak virtual memory: 671 megabytes
    Info: Processing ended: Fri May 25 15:02:07 2018
    Info: Elapsed time: 00:00:18
    Info: Total CPU time (on all processors): 00:00:36


+------------------------------------------+
; Analysis & Synthesis Suppressed Messages ;
+------------------------------------------+
The suppressed messages can be found in C:/Users/Spencer/Google Drive/Documents for School/spring 12018/TCES 330/UART_LAB_A/output_files/UARTCombined.map.smsg.


