Analysis & Synthesis report for Part2
Fri Jun 01 10:08:56 2018
Quartus Prime Version 17.0.0 Build 595 04/25/2017 SJ Lite Edition


---------------------
; Table of Contents ;
---------------------
  1. Legal Notice
  2. Analysis & Synthesis Summary
  3. Analysis & Synthesis Settings
  4. Parallel Compilation
  5. Analysis & Synthesis Source Files Read
  6. Analysis & Synthesis Resource Usage Summary
  7. Analysis & Synthesis Resource Utilization by Entity
  8. State Machine - |Part2|FSMPart2:toDigit|CurrentState
  9. Registers Removed During Synthesis
 10. General Register Statistics
 11. Port Connectivity Checks: "FSMPart2:toDigit"
 12. Post-Synthesis Netlist Statistics for Top Partition
 13. Elapsed Time Per Partition
 14. Analysis & Synthesis Messages



----------------
; Legal Notice ;
----------------
Copyright (C) 2017  Intel Corporation. All rights reserved.
Your use of Intel Corporation's design tools, logic functions 
and other software and tools, and its AMPP partner logic 
functions, and any output files from any of the foregoing 
(including device programming or simulation files), and any 
associated documentation or information are expressly subject 
to the terms and conditions of the Intel Program License 
Subscription Agreement, the Intel Quartus Prime License Agreement,
the Intel MegaCore Function License Agreement, or other 
applicable license agreement, including, without limitation, 
that your use is for the sole purpose of programming logic 
devices manufactured by Intel and sold by Intel or its 
authorized distributors.  Please refer to the applicable 
agreement for further details.



+----------------------------------------------------------------------------------+
; Analysis & Synthesis Summary                                                     ;
+------------------------------------+---------------------------------------------+
; Analysis & Synthesis Status        ; Successful - Fri Jun 01 10:08:56 2018       ;
; Quartus Prime Version              ; 17.0.0 Build 595 04/25/2017 SJ Lite Edition ;
; Revision Name                      ; Part2                                       ;
; Top-level Entity Name              ; Part2                                       ;
; Family                             ; Cyclone IV E                                ;
; Total logic elements               ; 51                                          ;
;     Total combinational functions  ; 51                                          ;
;     Dedicated logic registers      ; 10                                          ;
; Total registers                    ; 10                                          ;
; Total pins                         ; 45                                          ;
; Total virtual pins                 ; 0                                           ;
; Total memory bits                  ; 0                                           ;
; Embedded Multiplier 9-bit elements ; 0                                           ;
; Total PLLs                         ; 0                                           ;
+------------------------------------+---------------------------------------------+


+----------------------------------------------------------------------------------------------------------------------+
; Analysis & Synthesis Settings                                                                                        ;
+----------------------------------------------------------------------------+--------------------+--------------------+
; Option                                                                     ; Setting            ; Default Value      ;
+----------------------------------------------------------------------------+--------------------+--------------------+
; Device                                                                     ; EP4CE115F29C7      ;                    ;
; Top-level entity name                                                      ; Part2              ; Part2              ;
; Family name                                                                ; Cyclone IV E       ; Cyclone V          ;
; Use smart compilation                                                      ; Off                ; Off                ;
; Enable parallel Assembler and TimeQuest Timing Analyzer during compilation ; On                 ; On                 ;
; Enable compact report table                                                ; Off                ; Off                ;
; Restructure Multiplexers                                                   ; Auto               ; Auto               ;
; Create Debugging Nodes for IP Cores                                        ; Off                ; Off                ;
; Preserve fewer node names                                                  ; On                 ; On                 ;
; OpenCore Plus hardware evaluation                                          ; Enable             ; Enable             ;
; Verilog Version                                                            ; Verilog_2001       ; Verilog_2001       ;
; VHDL Version                                                               ; VHDL_1993          ; VHDL_1993          ;
; State Machine Processing                                                   ; Auto               ; Auto               ;
; Safe State Machine                                                         ; Off                ; Off                ;
; Extract Verilog State Machines                                             ; On                 ; On                 ;
; Extract VHDL State Machines                                                ; On                 ; On                 ;
; Ignore Verilog initial constructs                                          ; Off                ; Off                ;
; Iteration limit for constant Verilog loops                                 ; 5000               ; 5000               ;
; Iteration limit for non-constant Verilog loops                             ; 250                ; 250                ;
; Add Pass-Through Logic to Inferred RAMs                                    ; On                 ; On                 ;
; Infer RAMs from Raw Logic                                                  ; On                 ; On                 ;
; Parallel Synthesis                                                         ; On                 ; On                 ;
; DSP Block Balancing                                                        ; Auto               ; Auto               ;
; NOT Gate Push-Back                                                         ; On                 ; On                 ;
; Power-Up Don't Care                                                        ; On                 ; On                 ;
; Remove Redundant Logic Cells                                               ; Off                ; Off                ;
; Remove Duplicate Registers                                                 ; On                 ; On                 ;
; Ignore CARRY Buffers                                                       ; Off                ; Off                ;
; Ignore CASCADE Buffers                                                     ; Off                ; Off                ;
; Ignore GLOBAL Buffers                                                      ; Off                ; Off                ;
; Ignore ROW GLOBAL Buffers                                                  ; Off                ; Off                ;
; Ignore LCELL Buffers                                                       ; Off                ; Off                ;
; Ignore SOFT Buffers                                                        ; On                 ; On                 ;
; Limit AHDL Integers to 32 Bits                                             ; Off                ; Off                ;
; Optimization Technique                                                     ; Balanced           ; Balanced           ;
; Carry Chain Length                                                         ; 70                 ; 70                 ;
; Auto Carry Chains                                                          ; On                 ; On                 ;
; Auto Open-Drain Pins                                                       ; On                 ; On                 ;
; Perform WYSIWYG Primitive Resynthesis                                      ; Off                ; Off                ;
; Auto ROM Replacement                                                       ; On                 ; On                 ;
; Auto RAM Replacement                                                       ; On                 ; On                 ;
; Auto DSP Block Replacement                                                 ; On                 ; On                 ;
; Auto Shift Register Replacement                                            ; Auto               ; Auto               ;
; Allow Shift Register Merging across Hierarchies                            ; Auto               ; Auto               ;
; Auto Clock Enable Replacement                                              ; On                 ; On                 ;
; Strict RAM Replacement                                                     ; Off                ; Off                ;
; Allow Synchronous Control Signals                                          ; On                 ; On                 ;
; Force Use of Synchronous Clear Signals                                     ; Off                ; Off                ;
; Auto RAM Block Balancing                                                   ; On                 ; On                 ;
; Auto RAM to Logic Cell Conversion                                          ; Off                ; Off                ;
; Auto Resource Sharing                                                      ; Off                ; Off                ;
; Allow Any RAM Size For Recognition                                         ; Off                ; Off                ;
; Allow Any ROM Size For Recognition                                         ; Off                ; Off                ;
; Allow Any Shift Register Size For Recognition                              ; Off                ; Off                ;
; Use LogicLock Constraints during Resource Balancing                        ; On                 ; On                 ;
; Ignore translate_off and synthesis_off directives                          ; Off                ; Off                ;
; Timing-Driven Synthesis                                                    ; On                 ; On                 ;
; Report Parameter Settings                                                  ; On                 ; On                 ;
; Report Source Assignments                                                  ; On                 ; On                 ;
; Report Connectivity Checks                                                 ; On                 ; On                 ;
; Ignore Maximum Fan-Out Assignments                                         ; Off                ; Off                ;
; Synchronization Register Chain Length                                      ; 2                  ; 2                  ;
; PowerPlay Power Optimization During Synthesis                              ; Normal compilation ; Normal compilation ;
; HDL message level                                                          ; Level2             ; Level2             ;
; Suppress Register Optimization Related Messages                            ; Off                ; Off                ;
; Number of Removed Registers Reported in Synthesis Report                   ; 5000               ; 5000               ;
; Number of Swept Nodes Reported in Synthesis Report                         ; 5000               ; 5000               ;
; Number of Inverted Registers Reported in Synthesis Report                  ; 100                ; 100                ;
; Clock MUX Protection                                                       ; On                 ; On                 ;
; Auto Gated Clock Conversion                                                ; Off                ; Off                ;
; Block Design Naming                                                        ; Auto               ; Auto               ;
; SDC constraint protection                                                  ; Off                ; Off                ;
; Synthesis Effort                                                           ; Auto               ; Auto               ;
; Shift Register Replacement - Allow Asynchronous Clear Signal               ; On                 ; On                 ;
; Pre-Mapping Resynthesis Optimization                                       ; Off                ; Off                ;
; Analysis & Synthesis Message Level                                         ; Medium             ; Medium             ;
; Disable Register Merging Across Hierarchies                                ; Auto               ; Auto               ;
; Resource Aware Inference For Block RAM                                     ; On                 ; On                 ;
+----------------------------------------------------------------------------+--------------------+--------------------+


+------------------------------------------+
; Parallel Compilation                     ;
+----------------------------+-------------+
; Processors                 ; Number      ;
+----------------------------+-------------+
; Number detected on machine ; 4           ;
; Maximum allowed            ; 2           ;
;                            ;             ;
; Average used               ; 1.00        ;
; Maximum used               ; 2           ;
;                            ;             ;
; Usage by Processor         ; % Time Used ;
;     Processor 1            ; 100.0%      ;
;     Processor 2            ;   0.0%      ;
+----------------------------+-------------+


+----------------------------------------------------------------------------------------------------------------------------------------------------------------------------------------------+
; Analysis & Synthesis Source Files Read                                                                                                                                                       ;
+----------------------------------+-----------------+------------------------------+------------------------------------------------------------------------------------------------+---------+
; File Name with User-Entered Path ; Used in Netlist ; File Type                    ; File Name with Absolute Path                                                                   ; Library ;
+----------------------------------+-----------------+------------------------------+------------------------------------------------------------------------------------------------+---------+
; HexHEXd.sv                       ; yes             ; User SystemVerilog HDL File  ; C:/Users/Spencer/Google Drive/Documents for School/spring 12018/TCES 330/hw4/Part2/HexHEXd.sv  ;         ;
; Part2.sv                         ; yes             ; User SystemVerilog HDL File  ; C:/Users/Spencer/Google Drive/Documents for School/spring 12018/TCES 330/hw4/Part2/Part2.sv    ;         ;
; FSMPart2.sv                      ; yes             ; User SystemVerilog HDL File  ; C:/Users/Spencer/Google Drive/Documents for School/spring 12018/TCES 330/hw4/Part2/FSMPart2.sv ;         ;
+----------------------------------+-----------------+------------------------------+------------------------------------------------------------------------------------------------+---------+


+-----------------------------------------------------------+
; Analysis & Synthesis Resource Usage Summary               ;
+---------------------------------------------+-------------+
; Resource                                    ; Usage       ;
+---------------------------------------------+-------------+
; Estimated Total logic elements              ; 51          ;
;                                             ;             ;
; Total combinational functions               ; 51          ;
; Logic element usage by number of LUT inputs ;             ;
;     -- 4 input functions                    ; 45          ;
;     -- 3 input functions                    ; 4           ;
;     -- <=2 input functions                  ; 2           ;
;                                             ;             ;
; Logic elements by mode                      ;             ;
;     -- normal mode                          ; 51          ;
;     -- arithmetic mode                      ; 0           ;
;                                             ;             ;
; Total registers                             ; 10          ;
;     -- Dedicated logic registers            ; 10          ;
;     -- I/O registers                        ; 0           ;
;                                             ;             ;
; I/O pins                                    ; 45          ;
;                                             ;             ;
; Embedded Multiplier 9-bit elements          ; 0           ;
;                                             ;             ;
; Maximum fan-out node                        ; SW[1]~input ;
; Maximum fan-out                             ; 15          ;
; Total fan-out                               ; 286         ;
; Average fan-out                             ; 1.89        ;
+---------------------------------------------+-------------+


+--------------------------------------------------------------------------------------------------------------------------------------------------------------------------------------------------------------+
; Analysis & Synthesis Resource Utilization by Entity                                                                                                                                                          ;
+----------------------------+---------------------+---------------------------+-------------+--------------+---------+-----------+------+--------------+-------------------------+-------------+--------------+
; Compilation Hierarchy Node ; Combinational ALUTs ; Dedicated Logic Registers ; Memory Bits ; DSP Elements ; DSP 9x9 ; DSP 18x18 ; Pins ; Virtual Pins ; Full Hierarchy Name     ; Entity Name ; Library Name ;
+----------------------------+---------------------+---------------------------+-------------+--------------+---------+-----------+------+--------------+-------------------------+-------------+--------------+
; |Part2                     ; 51 (0)              ; 10 (0)                    ; 0           ; 0            ; 0       ; 0         ; 45   ; 0            ; |Part2                  ; Part2       ; work         ;
;    |FSMPart2:toDigit|      ; 38 (38)             ; 10 (10)                   ; 0           ; 0            ; 0       ; 0         ; 0    ; 0            ; |Part2|FSMPart2:toDigit ; FSMPart2    ; work         ;
;    |HexHEXd:outState|      ; 13 (13)             ; 0 (0)                     ; 0           ; 0            ; 0       ; 0         ; 0    ; 0            ; |Part2|HexHEXd:outState ; HexHEXd     ; work         ;
+----------------------------+---------------------+---------------------------+-------------+--------------+---------+-----------+------+--------------+-------------------------+-------------+--------------+
Note: For table entries with two numbers listed, the numbers in parentheses indicate the number of resources of the given type used by the specific entity alone. The numbers listed outside of parentheses indicate the total resources of the given type used by the specific entity and all of its sub-entities in the hierarchy.


Encoding Type:  One-Hot
+----------------------------------------------------------------------------------------------------------------------------------------------------------------------------------------------------------------------------+
; State Machine - |Part2|FSMPart2:toDigit|CurrentState                                                                                                                                                                       ;
+--------------------+-------------------+--------------------+--------------------+------------------+-------------------+-------------------+--------------------+------------------+------------------+-------------------+
; Name               ; CurrentState.nine ; CurrentState.eight ; CurrentState.seven ; CurrentState.six ; CurrentState.five ; CurrentState.four ; CurrentState.three ; CurrentState.two ; CurrentState.one ; CurrentState.0000 ;
+--------------------+-------------------+--------------------+--------------------+------------------+-------------------+-------------------+--------------------+------------------+------------------+-------------------+
; CurrentState.0000  ; 0                 ; 0                  ; 0                  ; 0                ; 0                 ; 0                 ; 0                  ; 0                ; 0                ; 0                 ;
; CurrentState.one   ; 0                 ; 0                  ; 0                  ; 0                ; 0                 ; 0                 ; 0                  ; 0                ; 1                ; 1                 ;
; CurrentState.two   ; 0                 ; 0                  ; 0                  ; 0                ; 0                 ; 0                 ; 0                  ; 1                ; 0                ; 1                 ;
; CurrentState.three ; 0                 ; 0                  ; 0                  ; 0                ; 0                 ; 0                 ; 1                  ; 0                ; 0                ; 1                 ;
; CurrentState.four  ; 0                 ; 0                  ; 0                  ; 0                ; 0                 ; 1                 ; 0                  ; 0                ; 0                ; 1                 ;
; CurrentState.five  ; 0                 ; 0                  ; 0                  ; 0                ; 1                 ; 0                 ; 0                  ; 0                ; 0                ; 1                 ;
; CurrentState.six   ; 0                 ; 0                  ; 0                  ; 1                ; 0                 ; 0                 ; 0                  ; 0                ; 0                ; 1                 ;
; CurrentState.seven ; 0                 ; 0                  ; 1                  ; 0                ; 0                 ; 0                 ; 0                  ; 0                ; 0                ; 1                 ;
; CurrentState.eight ; 0                 ; 1                  ; 0                  ; 0                ; 0                 ; 0                 ; 0                  ; 0                ; 0                ; 1                 ;
; CurrentState.nine  ; 1                 ; 0                  ; 0                  ; 0                ; 0                 ; 0                 ; 0                  ; 0                ; 0                ; 1                 ;
+--------------------+-------------------+--------------------+--------------------+------------------+-------------------+-------------------+--------------------+------------------+------------------+-------------------+


+------------------------------------------------------------+
; Registers Removed During Synthesis                         ;
+---------------------------------------+--------------------+
; Register name                         ; Reason for Removal ;
+---------------------------------------+--------------------+
; FSMPart2:toDigit|CurrentState~2       ; Lost fanout        ;
; FSMPart2:toDigit|CurrentState~3       ; Lost fanout        ;
; FSMPart2:toDigit|CurrentState~4       ; Lost fanout        ;
; FSMPart2:toDigit|CurrentState~5       ; Lost fanout        ;
; Total Number of Removed Registers = 4 ;                    ;
+---------------------------------------+--------------------+


+------------------------------------------------------+
; General Register Statistics                          ;
+----------------------------------------------+-------+
; Statistic                                    ; Value ;
+----------------------------------------------+-------+
; Total registers                              ; 10    ;
; Number of registers using Synchronous Clear  ; 0     ;
; Number of registers using Synchronous Load   ; 0     ;
; Number of registers using Asynchronous Clear ; 0     ;
; Number of registers using Asynchronous Load  ; 0     ;
; Number of registers using Clock Enable       ; 0     ;
; Number of registers using Preset             ; 0     ;
+----------------------------------------------+-------+


+--------------------------------------------------------------------------------------------------------------------------------------------------------------------------------------------------------------------+
; Port Connectivity Checks: "FSMPart2:toDigit"                                                                                                                                                                       ;
+------------+-------+----------+------------------------------------------------------------------------------------------------------------------------------------------------------------------------------------+
; Port       ; Type  ; Severity ; Details                                                                                                                                                                            ;
+------------+-------+----------+------------------------------------------------------------------------------------------------------------------------------------------------------------------------------------+
; enable     ; Input ; Warning  ; Input port expression (32 bits) is wider than the input port (1 bits) it drives.  The 31 most-significant bit(s) in the expression will be dangling if they have no other fanouts. ;
; enable[-1] ; Input ; Info     ; Stuck at VCC                                                                                                                                                                       ;
+------------+-------+----------+------------------------------------------------------------------------------------------------------------------------------------------------------------------------------------+


+-----------------------------------------------------+
; Post-Synthesis Netlist Statistics for Top Partition ;
+-----------------------+-----------------------------+
; Type                  ; Count                       ;
+-----------------------+-----------------------------+
; boundary_port         ; 45                          ;
; cycloneiii_ff         ; 10                          ;
;     plain             ; 10                          ;
; cycloneiii_lcell_comb ; 52                          ;
;     normal            ; 52                          ;
;         0 data inputs ; 1                           ;
;         2 data inputs ; 2                           ;
;         3 data inputs ; 4                           ;
;         4 data inputs ; 45                          ;
;                       ;                             ;
; Max LUT depth         ; 4.00                        ;
; Average LUT depth     ; 2.36                        ;
+-----------------------+-----------------------------+


+-------------------------------+
; Elapsed Time Per Partition    ;
+----------------+--------------+
; Partition Name ; Elapsed Time ;
+----------------+--------------+
; Top            ; 00:00:01     ;
+----------------+--------------+


+-------------------------------+
; Analysis & Synthesis Messages ;
+-------------------------------+
Info: *******************************************************************
Info: Running Quartus Prime Analysis & Synthesis
    Info: Version 17.0.0 Build 595 04/25/2017 SJ Lite Edition
    Info: Processing started: Fri Jun 01 10:08:40 2018
Info: Command: quartus_map --read_settings_files=on --write_settings_files=off Part2 -c Part2
Warning (18236): Number of processors has not been specified which may cause overloading on shared machines.  Set the global assignment NUM_PARALLEL_PROCESSORS in your QSF to an appropriate value for best performance.
Info (20030): Parallel compilation is enabled and will use 2 of the 2 processors detected
Info (12021): Found 1 design units, including 1 entities, in source file hexhexd.sv
    Info (12023): Found entity 1: HexHEXd File: C:/Users/Spencer/Google Drive/Documents for School/spring 12018/TCES 330/hw4/Part2/HexHEXd.sv Line: 4
Info (12021): Found 1 design units, including 1 entities, in source file part2.sv
    Info (12023): Found entity 1: Part2 File: C:/Users/Spencer/Google Drive/Documents for School/spring 12018/TCES 330/hw4/Part2/Part2.sv Line: 12
Info (12021): Found 1 design units, including 1 entities, in source file fsmpart2.sv
    Info (12023): Found entity 1: FSMPart2 File: C:/Users/Spencer/Google Drive/Documents for School/spring 12018/TCES 330/hw4/Part2/FSMPart2.sv Line: 12
Info (12127): Elaborating entity "Part2" for the top level hierarchy
Warning (10034): Output port "LEDG[0]" at Part2.sv(12) has no driver File: C:/Users/Spencer/Google Drive/Documents for School/spring 12018/TCES 330/hw4/Part2/Part2.sv Line: 12
Info (12128): Elaborating entity "FSMPart2" for hierarchy "FSMPart2:toDigit" File: C:/Users/Spencer/Google Drive/Documents for School/spring 12018/TCES 330/hw4/Part2/Part2.sv Line: 16
Info (10264): Verilog HDL Case Statement information at FSMPart2.sv(31): all case item expressions in this case statement are onehot File: C:/Users/Spencer/Google Drive/Documents for School/spring 12018/TCES 330/hw4/Part2/FSMPart2.sv Line: 31
Info (12128): Elaborating entity "HexHEXd" for hierarchy "HexHEXd:outState" File: C:/Users/Spencer/Google Drive/Documents for School/spring 12018/TCES 330/hw4/Part2/Part2.sv Line: 17
Warning (12241): 1 hierarchies have connectivity warnings - see the Connectivity Checks report folder
Warning (13024): Output pins are stuck at VCC or GND
    Warning (13410): Pin "LEDG[0]" is stuck at GND File: C:/Users/Spencer/Google Drive/Documents for School/spring 12018/TCES 330/hw4/Part2/Part2.sv Line: 12
Info (286030): Timing-Driven Synthesis is running
Info (17049): 4 registers lost all their fanouts during netlist optimizations.
Info (16010): Generating hard_block partition "hard_block:auto_generated_inst"
    Info (16011): Adding 0 node(s), including 0 DDIO, 0 PLL, 0 transceiver and 0 LCELL
Info (21057): Implemented 96 device resources after synthesis - the final resource count might be different
    Info (21058): Implemented 19 input pins
    Info (21059): Implemented 26 output pins
    Info (21061): Implemented 51 logic cells
Info: Quartus Prime Analysis & Synthesis was successful. 0 errors, 5 warnings
    Info: Peak virtual memory: 670 megabytes
    Info: Processing ended: Fri Jun 01 10:08:56 2018
    Info: Elapsed time: 00:00:16
    Info: Total CPU time (on all processors): 00:00:37


